2018-01-13 16:01:39,426 - main.py:18 - INFO - main - <module> - 本次测试开始执行，以下是详细日志:
2018-01-13 16:01:43,966 - admin_login_logout.py:38 - INFO - admin_login_logout - setUp - 打开浏览器成功
2018-01-13 16:01:43,966 - admin_login_logout.py:47 - INFO - admin_login_logout - test_admin_login_test - test_admin_login_test start......
2018-01-13 16:01:52,906 - admin_login_logout.py:58 - INFO - admin_login_logout - test_admin_login_test - test data is : admin,123456,退出
2018-01-13 16:01:53,636 - admin_login_logout.py:65 - INFO - admin_login_logout - test_admin_login_test - test_admin_login_test end......
2018-01-13 16:01:56,994 - admin_login_logout.py:38 - INFO - admin_login_logout - setUp - 打开浏览器成功
2018-01-13 16:01:56,994 - admin_login_logout.py:47 - INFO - admin_login_logout - test_admin_login_test - test_admin_login_test start......
2018-01-13 16:02:02,971 - admin_login_logout.py:58 - INFO - admin_login_logout - test_admin_login_test - test data is : invalid,123455,用户名不存在
2018-01-13 16:02:03,617 - admin_login_logout.py:65 - INFO - admin_login_logout - test_admin_login_test - test_admin_login_test end......
2018-01-13 16:02:06,742 - admin_login_logout.py:38 - INFO - admin_login_logout - setUp - 打开浏览器成功
2018-01-13 16:02:06,743 - admin_login_logout.py:47 - INFO - admin_login_logout - test_admin_login_test - test_admin_login_test start......
2018-01-13 16:02:12,555 - admin_login_logout.py:58 - INFO - admin_login_logout - test_admin_login_test - test data is : ,123456,不可为空白
2018-01-13 16:02:13,204 - admin_login_logout.py:65 - INFO - admin_login_logout - test_admin_login_test - test_admin_login_test end......
2018-01-13 16:02:13,206 - main.py:34 - INFO - main - <module> - 测试顺利结束！
2018-01-13 16:10:17,278 - main.py:18 - INFO - main - <module> - 本次测试开始执行，以下是详细日志:
2018-01-13 16:10:20,018 - admin_login_logout.py:38 - INFO - admin_login_logout - setUp - 打开浏览器成功
2018-01-13 16:10:20,018 - admin_login_logout.py:47 - INFO - admin_login_logout - test_admin_login_test - test_admin_login_test start......
2018-01-13 16:10:28,452 - admin_login_logout.py:58 - INFO - admin_login_logout - test_admin_login_test - test data is : admin,123456,退出
2018-01-13 16:10:28,772 - admin_login_logout.py:65 - INFO - admin_login_logout - test_admin_login_test - test_admin_login_test end......
2018-01-13 16:10:31,002 - admin_login_logout.py:38 - INFO - admin_login_logout - setUp - 打开浏览器成功
2018-01-13 16:10:31,012 - admin_login_logout.py:47 - INFO - admin_login_logout - test_admin_login_test - test_admin_login_test start......
2018-01-13 16:10:34,952 - admin_login_logout.py:58 - INFO - admin_login_logout - test_admin_login_test - test data is : invalid,123455,用户名不存在
2018-01-13 16:10:35,232 - admin_login_logout.py:65 - INFO - admin_login_logout - test_admin_login_test - test_admin_login_test end......
2018-01-13 16:10:37,492 - admin_login_logout.py:38 - INFO - admin_login_logout - setUp - 打开浏览器成功
2018-01-13 16:10:37,492 - admin_login_logout.py:47 - INFO - admin_login_logout - test_admin_login_test - test_admin_login_test start......
2018-01-13 16:10:41,421 - admin_login_logout.py:58 - INFO - admin_login_logout - test_admin_login_test - test data is : ,123456,不可为空白
2018-01-13 16:10:41,721 - admin_login_logout.py:65 - INFO - admin_login_logout - test_admin_login_test - test_admin_login_test end......
2018-01-13 16:10:41,721 - main.py:34 - INFO - main - <module> - 测试顺利结束！
